2024-09-24 23:51:52,716 - INFO - Usuário acessou o dashboard
2024-09-24 23:51:52,716 - INFO - Usuário acessou o dashboard
2024-09-24 23:52:00,859 - INFO - Usuário deslogado
2024-09-24 23:52:00,859 - INFO - Usuário deslogado
2024-09-24 23:52:06,137 - INFO - Usuário logado: Administrador (admin@keys.com)
2024-09-24 23:52:06,137 - INFO - Usuário logado: Administrador (admin@keys.com)
2024-09-24 23:52:06,145 - INFO - Usuário acessou o dashboard
2024-09-24 23:52:06,145 - INFO - Usuário acessou o dashboard
2024-09-24 23:52:43,191 - INFO - Registro 4 excluído: Otavio augusto (otavio@gmail.com)
2024-09-24 23:52:43,191 - INFO - Registro 4 excluído: Otavio augusto (otavio@gmail.com)
2024-09-24 23:52:43,206 - INFO - Usuário acessou o dashboard
2024-09-24 23:52:43,206 - INFO - Usuário acessou o dashboard
2024-09-24 23:53:02,923 - INFO - Registro 5 editado: alexandre Vieira  (alexandre@gmail.com)
2024-09-24 23:53:02,923 - INFO - Registro 5 editado: alexandre Vieira  (alexandre@gmail.com)
2024-09-24 23:53:02,929 - INFO - Usuário acessou o dashboard
2024-09-24 23:53:02,929 - INFO - Usuário acessou o dashboard
2024-09-25 00:44:48,247 - INFO - Administrador acessou o dashboard
2024-09-25 00:44:48,247 - INFO - Administrador acessou o dashboard
2024-09-25 00:45:01,994 - INFO - Administrador acessou o dashboard
2024-09-25 00:45:01,994 - INFO - Administrador acessou o dashboard
2024-09-25 13:32:02,682 - INFO - Administrador acessou o dashboard
2024-09-25 13:32:02,682 - INFO - Administrador acessou o dashboard
2024-09-25 13:32:12,622 - INFO - Administrador acessou o dashboard
2024-09-25 13:32:12,622 - INFO - Administrador acessou o dashboard
2024-09-25 13:32:19,289 - INFO - Administrador acessou o dashboard
2024-09-25 13:32:19,289 - INFO - Administrador acessou o dashboard
2024-09-25 15:30:29,955 - INFO - Administrador acessou o dashboard
2024-09-25 15:30:29,955 - INFO - Administrador acessou o dashboard
2024-09-25 15:30:36,339 - INFO - Usuário desconhecido Deslogado!
2024-09-25 15:30:36,339 - INFO - Usuário desconhecido Deslogado!
2024-09-26 23:44:20,021 - INFO - Usuário logado: Administrador (admin@keys.com)
2024-09-26 23:44:20,021 - INFO - Usuário logado: Administrador (admin@keys.com)
2024-09-26 23:44:20,045 - INFO - Administrador acessou o dashboard
2024-09-26 23:44:20,045 - INFO - Administrador acessou o dashboard
2024-09-26 23:52:35,726 - INFO - Registro criado: Anne Caroline Da Silveira (anne@gmail.com) com chave E790224
2024-09-26 23:52:35,726 - INFO - Registro criado: Anne Caroline Da Silveira (anne@gmail.com) com chave E790224
2024-09-26 23:52:35,744 - INFO - Administrador acessou o dashboard
2024-09-26 23:52:35,744 - INFO - Administrador acessou o dashboard
2024-09-26 23:54:20,830 - INFO - Registro criado: Jorge Lopes (jl@gmail.com) com chave E122152
2024-09-26 23:54:20,830 - INFO - Registro criado: Jorge Lopes (jl@gmail.com) com chave E122152
2024-09-26 23:54:20,842 - INFO - Administrador acessou o dashboard
2024-09-26 23:54:20,842 - INFO - Administrador acessou o dashboard
2024-09-26 23:55:55,135 - INFO - Registro criado: Maria da silva (mv@gmail.com) com chave E684663
2024-09-26 23:55:55,135 - INFO - Registro criado: Maria da silva (mv@gmail.com) com chave E684663
2024-09-26 23:55:55,149 - INFO - Administrador acessou o dashboard
2024-09-26 23:55:55,149 - INFO - Administrador acessou o dashboard
2024-09-27 00:02:16,025 - INFO - Registro criado: Maria da silva (mv@gmail.com) com chave E715410
2024-09-27 00:02:16,025 - INFO - Registro criado: Maria da silva (mv@gmail.com) com chave E715410
2024-09-27 00:02:16,040 - INFO - Administrador acessou o dashboard
2024-09-27 00:02:16,040 - INFO - Administrador acessou o dashboard
2024-09-27 00:04:05,786 - INFO - Administrador acessou o dashboard
2024-09-27 00:04:05,786 - INFO - Administrador acessou o dashboard
2024-09-27 00:04:57,200 - INFO - Administrador acessou o dashboard
2024-09-27 00:04:57,200 - INFO - Administrador acessou o dashboard
2024-09-27 00:09:45,416 - INFO - Administrador acessou o dashboard
2024-09-27 00:09:45,416 - INFO - Administrador acessou o dashboard
2024-09-27 00:11:23,163 - INFO - Administrador acessou o dashboard
2024-09-27 00:11:23,163 - INFO - Administrador acessou o dashboard
2024-09-27 00:12:04,482 - INFO - Administrador acessou o dashboard
2024-09-27 00:12:04,482 - INFO - Administrador acessou o dashboard
2024-09-27 00:23:26,142 - INFO - Administrador acessou o dashboard
2024-09-27 00:23:26,142 - INFO - Administrador acessou o dashboard
2024-09-27 00:27:23,815 - INFO - Administrador acessou o dashboard
2024-09-27 00:27:23,815 - INFO - Administrador acessou o dashboard
2024-09-27 00:32:04,147 - INFO - Administrador acessou o dashboard
2024-09-27 00:32:04,147 - INFO - Administrador acessou o dashboard
2024-09-27 00:38:26,503 - INFO - Administrador acessou o dashboard
2024-09-27 00:38:26,503 - INFO - Administrador acessou o dashboard
2024-09-27 00:41:18,524 - INFO - Administrador acessou o dashboard
2024-09-27 00:41:18,524 - INFO - Administrador acessou o dashboard
2024-09-27 00:45:57,012 - INFO - Administrador acessou o dashboard
2024-09-27 00:45:57,012 - INFO - Administrador acessou o dashboard
2024-09-27 00:54:15,408 - INFO - Administrador acessou o dashboard
2024-09-27 00:54:15,408 - INFO - Administrador acessou o dashboard
2024-09-27 01:16:15,602 - INFO - Usuário desconhecido acessou o dashboard
2024-09-27 01:17:59,099 - INFO - Administrador acessou o dashboard
2024-09-27 01:17:59,099 - INFO - Administrador acessou o dashboard
2024-09-27 01:18:02,576 - INFO - Administrador acessou o dashboard
2024-09-27 01:18:02,576 - INFO - Administrador acessou o dashboard
2024-09-27 01:22:12,457 - INFO - Administrador acessou o dashboard
2024-09-27 01:22:12,457 - INFO - Administrador acessou o dashboard
2024-09-27 01:24:29,278 - INFO - Administrador acessou o dashboard
2024-09-27 01:24:29,278 - INFO - Administrador acessou o dashboard
2024-09-27 01:24:53,810 - INFO - Administrador acessou o dashboard
2024-09-27 01:24:53,810 - INFO - Administrador acessou o dashboard
2024-09-27 01:25:41,960 - INFO - Administrador acessou o dashboard
2024-09-27 01:25:41,960 - INFO - Administrador acessou o dashboard
2024-09-27 01:58:05,669 - INFO - Usuário desconhecido acessou o dashboard
2024-09-27 01:58:05,669 - INFO - Usuário desconhecido acessou o dashboard
2024-09-27 01:58:35,376 - INFO - Usuário desconhecido acessou o dashboard
2024-09-27 01:58:35,376 - INFO - Usuário desconhecido acessou o dashboard
2024-09-27 02:10:22,759 - INFO - Usuário desconhecido acessou o dashboard
2024-09-27 02:10:22,759 - INFO - Usuário desconhecido acessou o dashboard
2024-09-27 02:11:43,601 - INFO - Usuário desconhecido Deslogado!
2024-09-27 02:11:43,601 - INFO - Usuário desconhecido Deslogado!
2024-09-27 02:11:47,334 - INFO - Usuário logado: celso.alves (celso.alves@liggatelecom.com.br)
2024-09-27 02:11:47,334 - INFO - Usuário logado: celso.alves (celso.alves@liggatelecom.com.br)
2024-09-27 02:11:47,344 - INFO - celso.alves acessou o dashboard
2024-09-27 02:11:47,344 - INFO - celso.alves acessou o dashboard
2024-09-27 02:11:59,907 - INFO - celso.alves acessou o dashboard
2024-09-27 02:11:59,907 - INFO - celso.alves acessou o dashboard
2024-09-27 02:12:03,720 - INFO - celso.alves acessou o dashboard
2024-09-27 02:12:03,720 - INFO - celso.alves acessou o dashboard
2024-09-27 02:12:05,684 - INFO - Usuário desconhecido Deslogado!
2024-09-27 02:12:05,684 - INFO - Usuário desconhecido Deslogado!
2024-09-27 02:12:09,969 - INFO - Usuário logado: celso.alves (celso.alves@liggatelecom.com.br)
2024-09-27 02:12:09,969 - INFO - Usuário logado: celso.alves (celso.alves@liggatelecom.com.br)
2024-09-27 02:12:09,979 - INFO - celso.alves acessou o dashboard
2024-09-27 02:12:09,979 - INFO - celso.alves acessou o dashboard
2024-09-27 02:12:11,527 - INFO - Usuário desconhecido Deslogado!
2024-09-27 02:12:11,527 - INFO - Usuário desconhecido Deslogado!
2024-09-27 02:12:14,681 - INFO - Usuário logado: Administrador (admin@keys.com)
2024-09-27 02:12:14,681 - INFO - Usuário logado: Administrador (admin@keys.com)
2024-09-27 02:12:14,689 - INFO - Administrador acessou o dashboard
2024-09-27 02:12:14,689 - INFO - Administrador acessou o dashboard
2024-09-27 02:16:03,180 - INFO - Administrador acessou o dashboard
2024-09-27 02:16:03,180 - INFO - Administrador acessou o dashboard
2024-09-27 02:16:13,485 - INFO - Administrador excluiu o registro 21: Alex Da Silva (celso.gregorio@gmail.com)
2024-09-27 02:16:13,485 - INFO - Administrador excluiu o registro 21: Alex Da Silva (celso.gregorio@gmail.com)
2024-09-27 02:16:13,494 - INFO - Administrador acessou o dashboard
2024-09-27 02:16:13,494 - INFO - Administrador acessou o dashboard
2024-09-27 02:17:54,813 - INFO - Administrador acessou o dashboard
2024-09-27 02:17:54,813 - INFO - Administrador acessou o dashboard
2024-09-27 02:18:04,310 - INFO - Administrador excluiu o registro 22: Alex Da Silva (celso.gregorio@gmail.com)
2024-09-27 02:18:04,310 - INFO - Administrador excluiu o registro 22: Alex Da Silva (celso.gregorio@gmail.com)
2024-09-27 02:18:04,318 - INFO - Administrador acessou o dashboard
2024-09-27 02:18:04,318 - INFO - Administrador acessou o dashboard
2024-09-27 02:20:16,784 - INFO - Administrador acessou o dashboard
2024-09-27 02:20:16,784 - INFO - Administrador acessou o dashboard
2024-09-27 02:20:21,544 - INFO - Administrador excluiu o registro 23: Alex Da Silva (celso.gregorio@gmail.com)
2024-09-27 02:20:21,544 - INFO - Administrador excluiu o registro 23: Alex Da Silva (celso.gregorio@gmail.com)
2024-09-27 02:20:21,553 - INFO - Administrador acessou o dashboard
2024-09-27 02:20:21,553 - INFO - Administrador acessou o dashboard
2024-09-28 22:46:09,415 - INFO - Usuário logado: celso.alves (celso.alves@liggatelecom.com.br)
2024-09-28 22:46:09,415 - INFO - Usuário logado: celso.alves (celso.alves@liggatelecom.com.br)
2024-09-28 22:46:09,435 - INFO - celso.alves acessou o dashboard
2024-09-28 22:46:09,435 - INFO - celso.alves acessou o dashboard
2024-09-28 23:00:12,997 - INFO - Registro criado: Olavo de Freitas (celso.gregorio@gmail.com) com chave E807439
2024-09-28 23:00:12,997 - INFO - Registro criado: Olavo de Freitas (celso.gregorio@gmail.com) com chave E807439
2024-09-28 23:00:13,011 - INFO - celso.alves acessou o dashboard
2024-09-28 23:00:13,011 - INFO - celso.alves acessou o dashboard
2024-09-28 23:01:40,224 - INFO - celso.alves acessou o dashboard
2024-09-28 23:01:40,224 - INFO - celso.alves acessou o dashboard
2024-09-28 23:08:41,812 - INFO - Registro criado: Patricia Divinia Antunes Araujo (patricia-antuness@hotmail.com) com chave E470690
2024-09-28 23:08:41,812 - INFO - Registro criado: Patricia Divinia Antunes Araujo (patricia-antuness@hotmail.com) com chave E470690
2024-09-28 23:08:41,831 - INFO - celso.alves acessou o dashboard
2024-09-28 23:08:41,831 - INFO - celso.alves acessou o dashboard
2024-09-28 23:10:54,745 - INFO - Registro criado: Ana Vitória Dos Santos Amancio (anavitoriaamancio2022@gmail.com) com chave E770236
2024-09-28 23:10:54,745 - INFO - Registro criado: Ana Vitória Dos Santos Amancio (anavitoriaamancio2022@gmail.com) com chave E770236
2024-09-28 23:10:54,756 - INFO - celso.alves acessou o dashboard
2024-09-28 23:10:54,756 - INFO - celso.alves acessou o dashboard
2024-09-28 23:14:39,717 - INFO - Registro criado: Pedro Paulo Terra Dantas (pedrinhopaulodantas2019@gmail.com) com chave E264250
2024-09-28 23:14:39,717 - INFO - Registro criado: Pedro Paulo Terra Dantas (pedrinhopaulodantas2019@gmail.com) com chave E264250
2024-09-28 23:14:39,733 - INFO - celso.alves acessou o dashboard
2024-09-28 23:14:39,733 - INFO - celso.alves acessou o dashboard
2024-09-28 23:14:52,293 - INFO - celso.alves excluiu o registro 26: Olavo de Freitas (celso.gregorio@gmail.com)
2024-09-28 23:14:52,293 - INFO - celso.alves excluiu o registro 26: Olavo de Freitas (celso.gregorio@gmail.com)
2024-09-28 23:14:52,310 - INFO - celso.alves acessou o dashboard
2024-09-28 23:14:52,310 - INFO - celso.alves acessou o dashboard
2024-09-28 23:17:08,229 - INFO - Registro criado: Maria Eduarda Bini Terra  (marieduardabini@gmail.com) com chave E221470
2024-09-28 23:17:08,229 - INFO - Registro criado: Maria Eduarda Bini Terra  (marieduardabini@gmail.com) com chave E221470
2024-09-28 23:17:08,247 - INFO - celso.alves acessou o dashboard
2024-09-28 23:17:08,247 - INFO - celso.alves acessou o dashboard
2024-09-28 23:17:46,835 - INFO - celso.alves editou o registro 27: Patricia Divinia Antunes Araujo (patricia-antuness@hotmail.com)
2024-09-28 23:17:46,835 - INFO - celso.alves editou o registro 27: Patricia Divinia Antunes Araujo (patricia-antuness@hotmail.com)
2024-09-28 23:17:46,850 - INFO - celso.alves acessou o dashboard
2024-09-28 23:17:46,850 - INFO - celso.alves acessou o dashboard
2024-09-28 23:21:09,027 - INFO - Registro criado: Eduardo Gabriel Luchinski Godin (eduardoluchinski329@gmail.com) com chave E347922
2024-09-28 23:21:09,027 - INFO - Registro criado: Eduardo Gabriel Luchinski Godin (eduardoluchinski329@gmail.com) com chave E347922
2024-09-28 23:21:09,046 - INFO - celso.alves acessou o dashboard
2024-09-28 23:21:09,046 - INFO - celso.alves acessou o dashboard
2024-09-28 23:22:55,908 - INFO - Registro criado: Gabriel Rodrigues Corrêa (rodriguesgabrielc09@gmail.com) com chave E600602
2024-09-28 23:22:55,908 - INFO - Registro criado: Gabriel Rodrigues Corrêa (rodriguesgabrielc09@gmail.com) com chave E600602
2024-09-28 23:22:55,919 - INFO - celso.alves acessou o dashboard
2024-09-28 23:22:55,919 - INFO - celso.alves acessou o dashboard
2024-09-28 23:26:34,313 - INFO - Registro criado: Wellington Takamori Joei (comunicav@sercomtel.com.br) com chave E509334
2024-09-28 23:26:34,313 - INFO - Registro criado: Wellington Takamori Joei (comunicav@sercomtel.com.br) com chave E509334
2024-09-28 23:26:34,331 - INFO - celso.alves acessou o dashboard
2024-09-28 23:26:34,331 - INFO - celso.alves acessou o dashboard
2024-09-28 23:30:59,707 - INFO - Registro criado: Logan Nascimento (logannasc@gmail.com) com chave E907823
2024-09-28 23:30:59,707 - INFO - Registro criado: Logan Nascimento (logannasc@gmail.com) com chave E907823
2024-09-28 23:30:59,723 - INFO - celso.alves acessou o dashboard
2024-09-28 23:30:59,723 - INFO - celso.alves acessou o dashboard
2024-09-28 23:32:33,001 - INFO - Registro criado: Leonardo de Paula da Silva (leonardo-silva101@hotmail.com) com chave E407421
2024-09-28 23:32:33,001 - INFO - Registro criado: Leonardo de Paula da Silva (leonardo-silva101@hotmail.com) com chave E407421
2024-09-28 23:32:33,021 - INFO - celso.alves acessou o dashboard
2024-09-28 23:32:33,021 - INFO - celso.alves acessou o dashboard
2024-09-28 23:34:44,230 - INFO - Registro criado: João Alvaro Xavier dos Anjos (job.joaoalvaro@gmail.com) com chave E745571
2024-09-28 23:34:44,230 - INFO - Registro criado: João Alvaro Xavier dos Anjos (job.joaoalvaro@gmail.com) com chave E745571
2024-09-28 23:34:44,249 - INFO - celso.alves acessou o dashboard
2024-09-28 23:34:44,249 - INFO - celso.alves acessou o dashboard
2024-09-28 23:36:49,744 - INFO - Registro criado: Jonadabe Moura do Nascimento (jonadabenascimento96@gmail.com) com chave E764554
2024-09-28 23:36:49,744 - INFO - Registro criado: Jonadabe Moura do Nascimento (jonadabenascimento96@gmail.com) com chave E764554
2024-09-28 23:36:49,793 - INFO - celso.alves acessou o dashboard
2024-09-28 23:36:49,793 - INFO - celso.alves acessou o dashboard
2024-09-28 23:38:17,353 - INFO - Registro criado: Pedro Henrique Paludeto Muniz  (pedro.muniz2809@gmail.com) com chave E397006
2024-09-28 23:38:17,353 - INFO - Registro criado: Pedro Henrique Paludeto Muniz  (pedro.muniz2809@gmail.com) com chave E397006
2024-09-28 23:38:17,367 - INFO - celso.alves acessou o dashboard
2024-09-28 23:38:17,367 - INFO - celso.alves acessou o dashboard
2024-09-28 23:48:30,728 - INFO - Registro criado: Priscila Vitoria Garcia Azevedo (comunicav@sercomtel.com.br) com chave E284804
2024-09-28 23:48:30,728 - INFO - Registro criado: Priscila Vitoria Garcia Azevedo (comunicav@sercomtel.com.br) com chave E284804
2024-09-28 23:48:30,742 - INFO - celso.alves acessou o dashboard
2024-09-28 23:48:30,742 - INFO - celso.alves acessou o dashboard
2024-09-28 23:51:57,297 - INFO - Registro criado: Walisson Santos Dantas (walisson_74@hotmail.com) com chave E627508
2024-09-28 23:51:57,297 - INFO - Registro criado: Walisson Santos Dantas (walisson_74@hotmail.com) com chave E627508
2024-09-28 23:51:57,330 - INFO - celso.alves acessou o dashboard
2024-09-28 23:51:57,330 - INFO - celso.alves acessou o dashboard
2024-09-28 23:52:12,774 - INFO - celso.alves excluiu o registro 8: Adilson Junior (adilson@gmail.com)
2024-09-28 23:52:12,774 - INFO - celso.alves excluiu o registro 8: Adilson Junior (adilson@gmail.com)
2024-09-28 23:52:12,791 - INFO - celso.alves acessou o dashboard
2024-09-28 23:52:12,791 - INFO - celso.alves acessou o dashboard
2024-09-28 23:55:00,277 - INFO - Registro criado: Ana Carolina RIbeiro Da Silva Pagani (anacarolinapagani10@gmail.com) com chave E502358
2024-09-28 23:55:00,277 - INFO - Registro criado: Ana Carolina RIbeiro Da Silva Pagani (anacarolinapagani10@gmail.com) com chave E502358
2024-09-28 23:55:00,301 - INFO - celso.alves acessou o dashboard
2024-09-28 23:55:00,301 - INFO - celso.alves acessou o dashboard
2024-09-28 23:57:19,776 - INFO - Registro criado: Amanda Julia Balabuch Palma (bko@soluttel.com.br) com chave E728198
2024-09-28 23:57:19,776 - INFO - Registro criado: Amanda Julia Balabuch Palma (bko@soluttel.com.br) com chave E728198
2024-09-28 23:57:19,806 - INFO - celso.alves acessou o dashboard
2024-09-28 23:57:19,806 - INFO - celso.alves acessou o dashboard
2024-09-28 23:59:43,541 - INFO - Registro criado: Esther Escodino Martins De Oliveira (esther.oliveira@dbm.com.br) com chave E371924
2024-09-28 23:59:43,541 - INFO - Registro criado: Esther Escodino Martins De Oliveira (esther.oliveira@dbm.com.br) com chave E371924
2024-09-28 23:59:43,564 - INFO - celso.alves acessou o dashboard
2024-09-28 23:59:43,564 - INFO - celso.alves acessou o dashboard
2024-09-29 00:01:42,325 - INFO - Registro criado: Claudio Cucio (coordenador@techwaveconnect.com.br) com chave E206097
2024-09-29 00:01:42,325 - INFO - Registro criado: Claudio Cucio (coordenador@techwaveconnect.com.br) com chave E206097
2024-09-29 00:01:42,359 - INFO - celso.alves acessou o dashboard
2024-09-29 00:01:42,359 - INFO - celso.alves acessou o dashboard
2024-09-29 00:03:24,710 - INFO - Registro criado: Sinval de Oliveira Junior (sinvaljunior@flue.net.br) com chave E238828
2024-09-29 00:03:24,710 - INFO - Registro criado: Sinval de Oliveira Junior (sinvaljunior@flue.net.br) com chave E238828
2024-09-29 00:03:24,730 - INFO - celso.alves acessou o dashboard
2024-09-29 00:03:24,730 - INFO - celso.alves acessou o dashboard
2024-09-29 00:05:53,350 - INFO - Registro criado: Matheus Henrique Batista Agostinho (matheus.batista@techperfomance.com.br) com chave E286914
2024-09-29 00:05:53,350 - INFO - Registro criado: Matheus Henrique Batista Agostinho (matheus.batista@techperfomance.com.br) com chave E286914
2024-09-29 00:05:53,369 - INFO - celso.alves acessou o dashboard
2024-09-29 00:05:53,369 - INFO - celso.alves acessou o dashboard
2024-09-29 00:07:54,239 - INFO - Registro criado: Antonio Luiz Schiavini (alschiavini@gmail.com) com chave E581356
2024-09-29 00:07:54,239 - INFO - Registro criado: Antonio Luiz Schiavini (alschiavini@gmail.com) com chave E581356
2024-09-29 00:07:54,263 - INFO - celso.alves acessou o dashboard
2024-09-29 00:07:54,263 - INFO - celso.alves acessou o dashboard
2024-09-29 00:09:57,975 - INFO - Registro criado: Natalia Gomes Vieira (natalia.vieira@techperformance.com.br) com chave E163726
2024-09-29 00:09:57,975 - INFO - Registro criado: Natalia Gomes Vieira (natalia.vieira@techperformance.com.br) com chave E163726
2024-09-29 00:09:57,993 - INFO - celso.alves acessou o dashboard
2024-09-29 00:09:57,993 - INFO - celso.alves acessou o dashboard
2024-09-29 00:11:39,514 - INFO - Registro criado: Vitor Juno Vieira (vitor.juno@techperformance.com.br) com chave E996292
2024-09-29 00:11:39,514 - INFO - Registro criado: Vitor Juno Vieira (vitor.juno@techperformance.com.br) com chave E996292
2024-09-29 00:11:39,532 - INFO - celso.alves acessou o dashboard
2024-09-29 00:11:39,532 - INFO - celso.alves acessou o dashboard
2024-09-29 00:14:27,174 - INFO - Registro criado: Kerlis Luiz Girardi (klgirardi@msn.com) com chave E550976
2024-09-29 00:14:27,174 - INFO - Registro criado: Kerlis Luiz Girardi (klgirardi@msn.com) com chave E550976
2024-09-29 00:14:27,192 - INFO - celso.alves acessou o dashboard
2024-09-29 00:14:27,192 - INFO - celso.alves acessou o dashboard
2024-09-29 00:15:51,037 - INFO - Registro criado: Roberto Duarte Santiago (robertoduartesantiago@gmail.com) com chave E109682
2024-09-29 00:15:51,037 - INFO - Registro criado: Roberto Duarte Santiago (robertoduartesantiago@gmail.com) com chave E109682
2024-09-29 00:15:51,057 - INFO - celso.alves acessou o dashboard
2024-09-29 00:15:51,057 - INFO - celso.alves acessou o dashboard
2024-09-29 00:17:56,944 - INFO - Registro criado: Anderson Marcio Dias (gestao@opustelecom.com.br) com chave E365945
2024-09-29 00:17:56,944 - INFO - Registro criado: Anderson Marcio Dias (gestao@opustelecom.com.br) com chave E365945
2024-09-29 00:17:56,966 - INFO - celso.alves acessou o dashboard
2024-09-29 00:17:56,966 - INFO - celso.alves acessou o dashboard
2024-09-29 00:22:02,532 - INFO - Registro criado: Jaqueline Vanin Branda (Vaninjaqueline129@gmail.com) com chave E871812
2024-09-29 00:22:02,532 - INFO - Registro criado: Jaqueline Vanin Branda (Vaninjaqueline129@gmail.com) com chave E871812
2024-09-29 00:22:02,591 - INFO - celso.alves acessou o dashboard
2024-09-29 00:22:02,591 - INFO - celso.alves acessou o dashboard
2024-09-29 00:23:16,140 - INFO - Registro criado: Silvio Osmar Menegotto (silvioaguiacdi@hotmail.com) com chave E707718
2024-09-29 00:23:16,140 - INFO - Registro criado: Silvio Osmar Menegotto (silvioaguiacdi@hotmail.com) com chave E707718
2024-09-29 00:23:16,158 - INFO - celso.alves acessou o dashboard
2024-09-29 00:23:16,158 - INFO - celso.alves acessou o dashboard
2024-09-29 00:26:32,809 - INFO - Registro criado: Thiago Dannyllo Esteves Santos (thiago@reduzaja.com.br) com chave E552985
2024-09-29 00:26:32,809 - INFO - Registro criado: Thiago Dannyllo Esteves Santos (thiago@reduzaja.com.br) com chave E552985
2024-09-29 00:26:32,827 - INFO - celso.alves acessou o dashboard
2024-09-29 00:26:32,827 - INFO - celso.alves acessou o dashboard
2024-09-29 00:28:18,629 - INFO - Registro criado: Edilaine De Lima CHecella Simoes (nectunt@nectunt.com.br) com chave E399293
2024-09-29 00:28:18,629 - INFO - Registro criado: Edilaine De Lima CHecella Simoes (nectunt@nectunt.com.br) com chave E399293
2024-09-29 00:28:18,648 - INFO - celso.alves acessou o dashboard
2024-09-29 00:28:18,648 - INFO - celso.alves acessou o dashboard
2024-09-29 00:29:39,006 - INFO - Registro criado: Caroline Rocha Da Silva (cr.rocha.050618@gmail.com) com chave E921223
2024-09-29 00:29:39,006 - INFO - Registro criado: Caroline Rocha Da Silva (cr.rocha.050618@gmail.com) com chave E921223
2024-09-29 00:29:39,025 - INFO - celso.alves acessou o dashboard
2024-09-29 00:29:39,025 - INFO - celso.alves acessou o dashboard
2024-09-29 00:31:38,862 - INFO - Registro criado: Gabriela Cristina Lima De Melo (gabrielameloisa20@gmail.com) com chave E319863
2024-09-29 00:31:38,862 - INFO - Registro criado: Gabriela Cristina Lima De Melo (gabrielameloisa20@gmail.com) com chave E319863
2024-09-29 00:31:38,885 - INFO - celso.alves acessou o dashboard
2024-09-29 00:31:38,885 - INFO - celso.alves acessou o dashboard
2024-09-29 00:34:12,116 - INFO - Registro criado: Fatima Aparecida Ferreira de Sales (Fatitinha39@gmail.com) com chave E452648
2024-09-29 00:34:12,116 - INFO - Registro criado: Fatima Aparecida Ferreira de Sales (Fatitinha39@gmail.com) com chave E452648
2024-09-29 00:34:12,139 - INFO - celso.alves acessou o dashboard
2024-09-29 00:34:12,139 - INFO - celso.alves acessou o dashboard
2024-09-29 00:35:24,329 - INFO - Registro criado: Mirian Correa Venerando (miriancorreavenerando@gmail.com) com chave E933333
2024-09-29 00:35:24,329 - INFO - Registro criado: Mirian Correa Venerando (miriancorreavenerando@gmail.com) com chave E933333
2024-09-29 00:35:24,348 - INFO - celso.alves acessou o dashboard
2024-09-29 00:35:24,348 - INFO - celso.alves acessou o dashboard
2024-09-29 00:36:36,188 - INFO - Registro criado: Jéssica Garlet (web2bpg@gmail.com) com chave E299790
2024-09-29 00:36:36,188 - INFO - Registro criado: Jéssica Garlet (web2bpg@gmail.com) com chave E299790
2024-09-29 00:36:36,212 - INFO - celso.alves acessou o dashboard
2024-09-29 00:36:36,212 - INFO - celso.alves acessou o dashboard
2024-09-29 00:38:01,076 - INFO - Registro criado: Bruno Garlet (web2bpg@gmail.com) com chave E500064
2024-09-29 00:38:01,076 - INFO - Registro criado: Bruno Garlet (web2bpg@gmail.com) com chave E500064
2024-09-29 00:38:01,095 - INFO - celso.alves acessou o dashboard
2024-09-29 00:38:01,095 - INFO - celso.alves acessou o dashboard
2024-09-29 00:39:52,507 - INFO - Registro criado: Paulo Cesar Pinheiro Da Silva (paulopinheiro.vivo@hotmail.com) com chave E722130
2024-09-29 00:39:52,507 - INFO - Registro criado: Paulo Cesar Pinheiro Da Silva (paulopinheiro.vivo@hotmail.com) com chave E722130
2024-09-29 00:39:52,524 - INFO - celso.alves acessou o dashboard
2024-09-29 00:39:52,524 - INFO - celso.alves acessou o dashboard
2024-09-29 00:42:30,786 - INFO - Registro criado: Wesley Fernando de Jesus (wfj.adm@gmail.com) com chave E552573
2024-09-29 00:42:30,786 - INFO - Registro criado: Wesley Fernando de Jesus (wfj.adm@gmail.com) com chave E552573
2024-09-29 00:42:30,799 - INFO - celso.alves acessou o dashboard
2024-09-29 00:42:30,799 - INFO - celso.alves acessou o dashboard
2024-09-29 00:43:56,839 - INFO - Registro criado: Alessandro de Souza Rodrigues (consulbrasconsultoria.br@gmail.com) com chave E239363
2024-09-29 00:43:56,839 - INFO - Registro criado: Alessandro de Souza Rodrigues (consulbrasconsultoria.br@gmail.com) com chave E239363
2024-09-29 00:43:56,851 - INFO - celso.alves acessou o dashboard
2024-09-29 00:43:56,851 - INFO - celso.alves acessou o dashboard
2024-09-29 00:45:01,462 - INFO - Registro criado: Kaique Cardozo dos Santos Silva (kaiq.kaiq05@hotmail.com) com chave E197812
2024-09-29 00:45:01,462 - INFO - Registro criado: Kaique Cardozo dos Santos Silva (kaiq.kaiq05@hotmail.com) com chave E197812
2024-09-29 00:45:01,473 - INFO - celso.alves acessou o dashboard
2024-09-29 00:45:01,473 - INFO - celso.alves acessou o dashboard
2024-09-29 00:46:34,339 - INFO - Registro criado: Helber Boscolo (conectatelecom@sercomtel.com.br) com chave E739482
2024-09-29 00:46:34,339 - INFO - Registro criado: Helber Boscolo (conectatelecom@sercomtel.com.br) com chave E739482
2024-09-29 00:46:34,349 - INFO - celso.alves acessou o dashboard
2024-09-29 00:46:34,349 - INFO - celso.alves acessou o dashboard
2024-09-29 00:48:00,838 - INFO - Registro criado: Priscila Barboza Brito (Priscilabritob@outlook.com) com chave F258205
2024-09-29 00:48:00,838 - INFO - Registro criado: Priscila Barboza Brito (Priscilabritob@outlook.com) com chave F258205
2024-09-29 00:48:00,849 - INFO - celso.alves acessou o dashboard
2024-09-29 00:48:00,849 - INFO - celso.alves acessou o dashboard
2024-09-29 00:51:23,635 - INFO - Registro criado: Pamela do Nascimento Silva  (amela.silva@techperformance.com.br) com chave E750453
2024-09-29 00:51:23,635 - INFO - Registro criado: Pamela do Nascimento Silva  (amela.silva@techperformance.com.br) com chave E750453
2024-09-29 00:51:23,645 - INFO - celso.alves acessou o dashboard
2024-09-29 00:51:23,645 - INFO - celso.alves acessou o dashboard
2024-09-29 00:51:48,386 - INFO - celso.alves acessou o dashboard
2024-09-29 00:51:48,386 - INFO - celso.alves acessou o dashboard
2024-09-29 00:52:25,865 - INFO - celso.alves acessou o dashboard
2024-09-29 00:52:25,865 - INFO - celso.alves acessou o dashboard
2024-09-29 00:52:45,579 - INFO - celso.alves excluiu o registro 9: Nathan Almeida (nathan@gmail.com)
2024-09-29 00:52:45,579 - INFO - celso.alves excluiu o registro 9: Nathan Almeida (nathan@gmail.com)
2024-09-29 00:52:45,590 - INFO - celso.alves acessou o dashboard
2024-09-29 00:52:45,590 - INFO - celso.alves acessou o dashboard
2024-09-29 00:56:53,561 - INFO - celso.alves excluiu o registro 10: Sidmir Filho (sid@gmail.com)
2024-09-29 00:56:53,561 - INFO - celso.alves excluiu o registro 10: Sidmir Filho (sid@gmail.com)
2024-09-29 00:56:53,572 - INFO - celso.alves acessou o dashboard
2024-09-29 00:56:53,572 - INFO - celso.alves acessou o dashboard
2024-09-29 00:57:12,949 - INFO - celso.alves excluiu o registro 11: Bruno Mars (bruno@gmail.com)
2024-09-29 00:57:12,949 - INFO - celso.alves excluiu o registro 11: Bruno Mars (bruno@gmail.com)
2024-09-29 00:57:12,967 - INFO - celso.alves acessou o dashboard
2024-09-29 00:57:12,967 - INFO - celso.alves acessou o dashboard
2024-09-29 00:57:48,266 - INFO - celso.alves excluiu o registro 12: Maycon Lima (lima@gmail.com)
2024-09-29 00:57:48,266 - INFO - celso.alves excluiu o registro 12: Maycon Lima (lima@gmail.com)
2024-09-29 00:57:48,293 - INFO - celso.alves acessou o dashboard
2024-09-29 00:57:48,293 - INFO - celso.alves acessou o dashboard
2024-09-29 00:58:18,022 - INFO - celso.alves excluiu o registro 13: Antonio Alves (alves@gmail.com)
2024-09-29 00:58:18,022 - INFO - celso.alves excluiu o registro 13: Antonio Alves (alves@gmail.com)
2024-09-29 00:58:18,031 - INFO - celso.alves acessou o dashboard
2024-09-29 00:58:18,031 - INFO - celso.alves acessou o dashboard
2024-09-29 00:58:53,052 - INFO - celso.alves excluiu o registro 14: Olivia Palito (olivia@gmail.com)
2024-09-29 00:58:53,052 - INFO - celso.alves excluiu o registro 14: Olivia Palito (olivia@gmail.com)
2024-09-29 00:58:53,064 - INFO - celso.alves acessou o dashboard
2024-09-29 00:58:53,064 - INFO - celso.alves acessou o dashboard
2024-09-29 00:59:10,193 - INFO - celso.alves excluiu o registro 15: Dinorah Da Silva (dino@gmail.com)
2024-09-29 00:59:10,193 - INFO - celso.alves excluiu o registro 15: Dinorah Da Silva (dino@gmail.com)
2024-09-29 00:59:10,206 - INFO - celso.alves acessou o dashboard
2024-09-29 00:59:10,206 - INFO - celso.alves acessou o dashboard
2024-09-29 00:59:25,834 - INFO - celso.alves excluiu o registro 16: Celso Gregorio Alves (celso@gmail.com)
2024-09-29 00:59:25,834 - INFO - celso.alves excluiu o registro 16: Celso Gregorio Alves (celso@gmail.com)
2024-09-29 00:59:25,843 - INFO - celso.alves acessou o dashboard
2024-09-29 00:59:25,843 - INFO - celso.alves acessou o dashboard
2024-09-29 00:59:43,982 - INFO - celso.alves excluiu o registro 17: Anne Caroline Da Silveira (anne@gmail.com)
2024-09-29 00:59:43,982 - INFO - celso.alves excluiu o registro 17: Anne Caroline Da Silveira (anne@gmail.com)
2024-09-29 00:59:43,991 - INFO - celso.alves acessou o dashboard
2024-09-29 00:59:43,991 - INFO - celso.alves acessou o dashboard
2024-09-29 01:01:12,621 - INFO - celso.alves excluiu o registro 18: Jorge Lopes (jl@gmail.com)
2024-09-29 01:01:12,621 - INFO - celso.alves excluiu o registro 18: Jorge Lopes (jl@gmail.com)
2024-09-29 01:01:12,645 - INFO - celso.alves acessou o dashboard
2024-09-29 01:01:12,645 - INFO - celso.alves acessou o dashboard
2024-09-29 01:01:28,531 - INFO - celso.alves excluiu o registro 19: Maria da silva (mv@gmail.com)
2024-09-29 01:01:28,531 - INFO - celso.alves excluiu o registro 19: Maria da silva (mv@gmail.com)
2024-09-29 01:01:28,551 - INFO - celso.alves acessou o dashboard
2024-09-29 01:01:28,551 - INFO - celso.alves acessou o dashboard
2024-09-29 01:01:50,474 - INFO - celso.alves excluiu o registro 20: Maria da silva (mv@gmail.com)
2024-09-29 01:01:50,474 - INFO - celso.alves excluiu o registro 20: Maria da silva (mv@gmail.com)
2024-09-29 01:01:50,483 - INFO - celso.alves acessou o dashboard
2024-09-29 01:01:50,483 - INFO - celso.alves acessou o dashboard
2024-09-29 01:02:07,906 - INFO - celso.alves excluiu o registro 24: Alex Da Silva (celso.gregorio@gmail.com)
2024-09-29 01:02:07,906 - INFO - celso.alves excluiu o registro 24: Alex Da Silva (celso.gregorio@gmail.com)
2024-09-29 01:02:07,915 - INFO - celso.alves acessou o dashboard
2024-09-29 01:02:07,915 - INFO - celso.alves acessou o dashboard
2024-09-29 01:13:50,938 - INFO - celso.alves acessou o dashboard
2024-09-29 01:13:50,938 - INFO - celso.alves acessou o dashboard
2024-09-29 03:20:24,894 - INFO - celso.alves acessou o dashboard
2024-09-29 03:20:24,894 - INFO - celso.alves acessou o dashboard
2024-09-29 03:32:49,903 - INFO - celso.alves acessou o dashboard
2024-09-29 03:32:49,903 - INFO - celso.alves acessou o dashboard
